2024-04-15 13:35:11,737 - DEBUG - asyncio - Using selector: EpollSelector
2024-04-15 13:35:11,838 - DEBUG - __main__ - Sent message: {"uuid": "27f223dc-1efb-498a-b037-8ad6a16436c5", "content": "Hello Kafka! Producer online Here", "timestamp": "2024-04-15T13:35:11.737810"}
2024-04-15 13:35:12,839 - DEBUG - __main__ - Sent message: {"uuid": "ac7140c4-78e8-474e-a525-65870fc8ca74", "content": "Hello Kafka! Producer online Here", "timestamp": "2024-04-15T13:35:12.839727"}
2024-04-15 13:35:13,942 - DEBUG - __main__ - Sent message: {"uuid": "0c7df335-abe6-4701-94ea-9732d0f240b6", "content": "Hello Kafka! Producer online Here", "timestamp": "2024-04-15T13:35:13.841793"}
2024-04-15 13:35:15,044 - DEBUG - __main__ - Sent message: {"uuid": "f355ce15-a9d6-49a3-a80c-49d18e516325", "content": "Hello Kafka! Producer online Here", "timestamp": "2024-04-15T13:35:14.943993"}
2024-04-15 13:35:16,046 - DEBUG - __main__ - Sent message: {"uuid": "1253118e-cb1e-4c06-a2d9-f06b5408e8df", "content": "Hello Kafka! Producer online Here", "timestamp": "2024-04-15T13:35:16.046132"}
2024-04-15 13:35:16,622 - INFO - __main__ - Producer shutdown requested.
2024-04-15 13:35:49,260 - DEBUG - asyncio - Using selector: EpollSelector
2024-04-15 13:35:49,360 - DEBUG - __main__ - Sent message: {"uuid": "811ffb35-244b-41be-9052-187f4e3dc07d", "content": "Hello Kafka! Producer online Here", "timestamp": "2024-04-15T13:35:49.260422"}
2024-04-15 13:35:50,462 - DEBUG - __main__ - Sent message: {"uuid": "6a5a47ab-b46b-460f-8f91-78ed5b056a46", "content": "Hello Kafka! Producer online Here", "timestamp": "2024-04-15T13:35:50.362184"}
2024-04-15 13:35:51,464 - DEBUG - __main__ - Sent message: {"uuid": "beca08ce-2f6e-4d57-a697-2bdc41c9aeeb", "content": "Hello Kafka! Producer online Here", "timestamp": "2024-04-15T13:35:51.464287"}
2024-04-15 13:35:52,566 - DEBUG - __main__ - Sent message: {"uuid": "d5832170-7e77-4d4e-bcfe-eef7112a1686", "content": "Hello Kafka! Producer online Here", "timestamp": "2024-04-15T13:35:52.466545"}
2024-04-15 13:35:53,569 - DEBUG - __main__ - Sent message: {"uuid": "56f76f59-e5f6-434d-be7e-acd0d0a951d8", "content": "Hello Kafka! Producer online Here", "timestamp": "2024-04-15T13:35:53.568889"}
2024-04-15 13:35:54,671 - DEBUG - __main__ - Sent message: {"uuid": "7a3e08e9-0fc0-420f-ae0b-2a450809a86a", "content": "Hello Kafka! Producer online Here", "timestamp": "2024-04-15T13:35:54.571050"}
2024-04-15 13:35:55,774 - DEBUG - __main__ - Sent message: {"uuid": "a649191a-e05c-43c0-b9d6-e3d956c86c1f", "content": "Hello Kafka! Producer online Here", "timestamp": "2024-04-15T13:35:55.673606"}
2024-04-15 13:35:56,874 - DEBUG - __main__ - Sent message: {"uuid": "c9c0ec84-9201-4026-814f-387243a57fc2", "content": "Hello Kafka! Producer online Here", "timestamp": "2024-04-15T13:35:56.774762"}
2024-04-15 13:35:57,977 - DEBUG - __main__ - Sent message: {"uuid": "95b3a544-fcaf-424e-897f-32a2cf70dd8c", "content": "Hello Kafka! Producer online Here", "timestamp": "2024-04-15T13:35:57.876965"}
2024-04-15 13:35:59,079 - DEBUG - __main__ - Sent message: {"uuid": "3c8fcc65-e699-4c7c-9c5b-6d54e19361b2", "content": "Hello Kafka! Producer online Here", "timestamp": "2024-04-15T13:35:58.979232"}
2024-04-15 13:36:00,181 - DEBUG - __main__ - Sent message: {"uuid": "0297bec4-ab45-4ffc-9e3d-c0cefdf26b19", "content": "Hello Kafka! Producer online Here", "timestamp": "2024-04-15T13:36:00.081360"}
2024-04-15 13:36:01,284 - DEBUG - __main__ - Sent message: {"uuid": "60c1ff20-92cc-48bb-ad6d-cb2331f28b33", "content": "Hello Kafka! Producer online Here", "timestamp": "2024-04-15T13:36:01.183938"}
2024-04-15 13:36:01,347 - INFO - __main__ - Producer shutdown requested.
2024-04-15 13:38:13,797 - DEBUG - asyncio - Using selector: EpollSelector
2024-04-15 13:38:13,898 - DEBUG - __main__ - Sent message: {"uuid": "d1b55801-25cd-4f88-bebf-6cc7450968a3", "content": "Hello Kafka! Producer online Here", "timestamp": "2024-04-15T13:38:13.798263"}
2024-04-15 13:38:14,901 - DEBUG - __main__ - Sent message: {"uuid": "ff242fea-6111-409a-9cce-d4f962441004", "content": "Hello Kafka! Producer online Here", "timestamp": "2024-04-15T13:38:14.900919"}
2024-04-15 13:38:16,003 - DEBUG - __main__ - Sent message: {"uuid": "f94773bb-5a39-42b9-aa80-8428ff626413", "content": "Hello Kafka! Producer online Here", "timestamp": "2024-04-15T13:38:15.902990"}
2024-04-15 13:38:17,006 - DEBUG - __main__ - Sent message: {"uuid": "2c32d90d-2108-4596-977b-41ed1c6caa09", "content": "Hello Kafka! Producer online Here", "timestamp": "2024-04-15T13:38:17.005571"}
2024-04-15 13:38:18,108 - DEBUG - __main__ - Sent message: {"uuid": "9795cdf8-50e6-48c0-97d9-4550bb845393", "content": "Hello Kafka! Producer online Here", "timestamp": "2024-04-15T13:38:18.007902"}
2024-04-15 13:38:19,210 - DEBUG - __main__ - Sent message: {"uuid": "b1f353da-da38-43b1-88c9-87dbe2d1d411", "content": "Hello Kafka! Producer online Here", "timestamp": "2024-04-15T13:38:19.110360"}
2024-04-15 13:38:20,313 - DEBUG - __main__ - Sent message: {"uuid": "dbe4a02c-6e15-4989-8afa-364d15b978ca", "content": "Hello Kafka! Producer online Here", "timestamp": "2024-04-15T13:38:20.212585"}
2024-04-15 13:38:21,415 - DEBUG - __main__ - Sent message: {"uuid": "7809974a-b1a6-45c4-8983-231cf24cb8ef", "content": "Hello Kafka! Producer online Here", "timestamp": "2024-04-15T13:38:21.314734"}
2024-04-15 13:38:22,517 - DEBUG - __main__ - Sent message: {"uuid": "4be4df3b-18fb-4610-a53b-f5ffa25ee053", "content": "Hello Kafka! Producer online Here", "timestamp": "2024-04-15T13:38:22.417267"}
2024-04-15 13:38:23,619 - DEBUG - __main__ - Sent message: {"uuid": "d697e3b7-63fa-412f-9c48-6aa4b32102d4", "content": "Hello Kafka! Producer online Here", "timestamp": "2024-04-15T13:38:23.519310"}
2024-04-15 13:38:24,721 - DEBUG - __main__ - Sent message: {"uuid": "50edcc78-a6f4-4a18-b82e-8052b00a08fc", "content": "Hello Kafka! Producer online Here", "timestamp": "2024-04-15T13:38:24.621351"}
2024-04-15 13:38:25,824 - DEBUG - __main__ - Sent message: {"uuid": "150197eb-655b-4dad-93f6-67dcd7f7d37f", "content": "Hello Kafka! Producer online Here", "timestamp": "2024-04-15T13:38:25.723847"}
2024-04-15 13:38:26,926 - DEBUG - __main__ - Sent message: {"uuid": "c8f01b71-ea1a-47e7-892e-0eb923e2bba2", "content": "Hello Kafka! Producer online Here", "timestamp": "2024-04-15T13:38:26.826499"}
2024-04-15 13:38:28,029 - DEBUG - __main__ - Sent message: {"uuid": "983355c0-6f58-4dee-864a-dd6fe9382744", "content": "Hello Kafka! Producer online Here", "timestamp": "2024-04-15T13:38:27.928892"}
2024-04-15 13:38:29,131 - DEBUG - __main__ - Sent message: {"uuid": "f679b5f9-6cf1-47c7-8bab-41fd055f7b10", "content": "Hello Kafka! Producer online Here", "timestamp": "2024-04-15T13:38:29.031419"}
2024-04-15 13:38:29,919 - INFO - __main__ - Producer shutdown requested.
2024-04-15 13:40:15,088 - DEBUG - asyncio - Using selector: EpollSelector
2024-04-15 13:40:15,189 - DEBUG - __main__ - Sent message: {"uuid": "3cf54373-ab79-45a4-b133-c14db60733ad", "content": "Hello Kafka! Producer online Here", "timestamp": "2024-04-15T13:40:15.089064"}
2024-04-15 13:40:16,191 - DEBUG - __main__ - Sent message: {"uuid": "a60fd506-fb02-4777-9596-5e0b4a3e89c9", "content": "Hello Kafka! Producer online Here", "timestamp": "2024-04-15T13:40:16.191337"}
2024-04-15 13:40:17,294 - DEBUG - __main__ - Sent message: {"uuid": "dc2a3f72-921b-4d06-9818-39d38b4a7dcf", "content": "Hello Kafka! Producer online Here", "timestamp": "2024-04-15T13:40:17.193522"}
2024-04-15 13:40:18,296 - DEBUG - __main__ - Sent message: {"uuid": "702edf32-0a9d-471d-92e1-f10d92b292a9", "content": "Hello Kafka! Producer online Here", "timestamp": "2024-04-15T13:40:18.295958"}
2024-04-15 13:40:19,398 - DEBUG - __main__ - Sent message: {"uuid": "b4143be5-0b8a-41b1-8c46-ba4853c757e8", "content": "Hello Kafka! Producer online Here", "timestamp": "2024-04-15T13:40:19.297720"}
2024-04-15 13:40:20,500 - DEBUG - __main__ - Sent message: {"uuid": "0217b27b-51d0-44d1-beba-3c098a143d11", "content": "Hello Kafka! Producer online Here", "timestamp": "2024-04-15T13:40:20.400213"}
2024-04-15 13:40:21,603 - DEBUG - __main__ - Sent message: {"uuid": "3cab1d7d-a11e-471a-8c4f-ed45802f8424", "content": "Hello Kafka! Producer online Here", "timestamp": "2024-04-15T13:40:21.502440"}
2024-04-15 13:40:22,705 - DEBUG - __main__ - Sent message: {"uuid": "05a86b97-cc5f-43c7-b0bb-a24017488bee", "content": "Hello Kafka! Producer online Here", "timestamp": "2024-04-15T13:40:22.604963"}
2024-04-15 13:40:23,807 - DEBUG - __main__ - Sent message: {"uuid": "d0ad3e9f-6157-4cac-90dc-9709beabb49a", "content": "Hello Kafka! Producer online Here", "timestamp": "2024-04-15T13:40:23.707254"}
2024-04-15 13:40:24,910 - DEBUG - __main__ - Sent message: {"uuid": "25aec011-80ca-48c1-8342-84c219d31093", "content": "Hello Kafka! Producer online Here", "timestamp": "2024-04-15T13:40:24.809376"}
2024-04-15 13:40:25,900 - INFO - __main__ - Producer shutdown requested.
2024-04-15 13:40:55,901 - INFO - __main__ - Flushing remaining messages...
2024-04-15 13:41:35,465 - DEBUG - asyncio - Using selector: EpollSelector
2024-04-15 13:41:35,565 - DEBUG - __main__ - Sent message: {"uuid": "70b2996f-d314-4465-a210-61fd07eb2e63", "content": "Hello Kafka! Producer online Here", "timestamp": "2024-04-15T13:41:35.465541"}
2024-04-15 13:41:36,568 - DEBUG - __main__ - Sent message: {"uuid": "29a77889-7756-499e-94a5-e9d763184f6e", "content": "Hello Kafka! Producer online Here", "timestamp": "2024-04-15T13:41:36.567868"}
2024-04-15 13:41:37,670 - DEBUG - __main__ - Sent message: {"uuid": "918fb089-c704-4dc8-a508-5aa574260503", "content": "Hello Kafka! Producer online Here", "timestamp": "2024-04-15T13:41:37.569983"}
2024-04-15 13:41:38,672 - DEBUG - __main__ - Sent message: {"uuid": "78130b7f-b086-4b52-8cdc-49a0d39dd74e", "content": "Hello Kafka! Producer online Here", "timestamp": "2024-04-15T13:41:38.672606"}
2024-04-15 13:41:39,775 - DEBUG - __main__ - Sent message: {"uuid": "7487a53e-7e80-4f58-9f0e-2f4026f5202b", "content": "Hello Kafka! Producer online Here", "timestamp": "2024-04-15T13:41:39.674601"}
2024-04-15 13:41:40,877 - DEBUG - __main__ - Sent message: {"uuid": "11959531-feeb-48fd-a8a9-b122a24164a7", "content": "Hello Kafka! Producer online Here", "timestamp": "2024-04-15T13:41:40.776907"}
2024-04-15 13:41:41,979 - DEBUG - __main__ - Sent message: {"uuid": "db0cb12c-52a3-4068-af27-de4174a4678d", "content": "Hello Kafka! Producer online Here", "timestamp": "2024-04-15T13:41:41.879005"}
2024-04-15 13:41:43,082 - DEBUG - __main__ - Sent message: {"uuid": "1ba7c984-ed57-4e2d-9657-76d303643c60", "content": "Hello Kafka! Producer online Here", "timestamp": "2024-04-15T13:41:42.981479"}
2024-04-15 13:41:44,184 - DEBUG - __main__ - Sent message: {"uuid": "ab0ffdb2-b4f3-413e-9f7a-65a49e229334", "content": "Hello Kafka! Producer online Here", "timestamp": "2024-04-15T13:41:44.084150"}
2024-04-15 13:41:45,287 - DEBUG - __main__ - Sent message: {"uuid": "db2107c5-9528-4324-be86-20ce256bf487", "content": "Hello Kafka! Producer online Here", "timestamp": "2024-04-15T13:41:45.186793"}
2024-04-15 13:41:46,389 - DEBUG - __main__ - Sent message: {"uuid": "d691ab5a-fc21-4b34-8ace-fb9368ea9d2e", "content": "Hello Kafka! Producer online Here", "timestamp": "2024-04-15T13:41:46.289256"}
2024-04-15 13:41:47,492 - DEBUG - __main__ - Sent message: {"uuid": "13138bdd-c67a-4bc5-be85-284b85f241bc", "content": "Hello Kafka! Producer online Here", "timestamp": "2024-04-15T13:41:47.391825"}
2024-04-15 13:41:48,594 - DEBUG - __main__ - Sent message: {"uuid": "996986a7-5fcc-44e1-ba18-eba9eeb4e92a", "content": "Hello Kafka! Producer online Here", "timestamp": "2024-04-15T13:41:48.494172"}
2024-04-15 13:41:49,697 - DEBUG - __main__ - Sent message: {"uuid": "91b23111-d1a7-414b-ae8e-1ddf82b6405b", "content": "Hello Kafka! Producer online Here", "timestamp": "2024-04-15T13:41:49.596517"}
2024-04-15 13:41:50,799 - DEBUG - __main__ - Sent message: {"uuid": "db86a42c-8966-4329-a57c-67994ba4674d", "content": "Hello Kafka! Producer online Here", "timestamp": "2024-04-15T13:41:50.698874"}
2024-04-15 13:41:51,613 - INFO - __main__ - Producer shutdown requested.
2024-04-15 13:42:21,615 - INFO - __main__ - Flushing remaining messages...
2024-04-15 13:43:04,020 - DEBUG - asyncio - Using selector: EpollSelector
2024-04-15 13:43:04,121 - DEBUG - __main__ - Sent message: {"uuid": "1d1b00f7-d148-4848-8358-a6dc8a6ba658", "content": "Hello Kafka! Producer online Here", "timestamp": "2024-04-15T13:43:04.020711"}
2024-04-15 13:43:05,123 - DEBUG - __main__ - Sent message: {"uuid": "66f4db2c-e11b-4494-ab22-ed316dad27ab", "content": "Hello Kafka! Producer online Here", "timestamp": "2024-04-15T13:43:05.122910"}
2024-04-15 13:43:06,226 - DEBUG - __main__ - Sent message: {"uuid": "3c7e06a9-944d-476a-ae1b-8e85310aed26", "content": "Hello Kafka! Producer online Here", "timestamp": "2024-04-15T13:43:06.125485"}
2024-04-15 13:43:07,228 - DEBUG - __main__ - Sent message: {"uuid": "86a7c734-3b12-4d2c-a02d-46a489bbfc7e", "content": "Hello Kafka! Producer online Here", "timestamp": "2024-04-15T13:43:07.228147"}
2024-04-15 13:43:08,330 - DEBUG - __main__ - Sent message: {"uuid": "3a400c86-c8ca-4ab6-96bb-cd6928c53897", "content": "Hello Kafka! Producer online Here", "timestamp": "2024-04-15T13:43:08.229743"}
2024-04-15 13:43:09,432 - DEBUG - __main__ - Sent message: {"uuid": "151f1945-72c0-4168-b46f-101c4a8292e6", "content": "Hello Kafka! Producer online Here", "timestamp": "2024-04-15T13:43:09.332194"}
2024-04-15 13:43:10,535 - DEBUG - __main__ - Sent message: {"uuid": "38563061-c475-4bd7-b3b3-0df39f76ddcf", "content": "Hello Kafka! Producer online Here", "timestamp": "2024-04-15T13:43:10.434701"}
2024-04-15 13:43:11,637 - DEBUG - __main__ - Sent message: {"uuid": "63b1d6d3-b35f-4af8-bd76-1fd156794e2d", "content": "Hello Kafka! Producer online Here", "timestamp": "2024-04-15T13:43:11.536727"}
2024-04-15 13:43:12,739 - DEBUG - __main__ - Sent message: {"uuid": "c0347936-7d10-483a-ba49-3eff523ae3b5", "content": "Hello Kafka! Producer online Here", "timestamp": "2024-04-15T13:43:12.639075"}
2024-04-15 13:43:13,842 - DEBUG - __main__ - Sent message: {"uuid": "fe238d8d-0553-4a1e-8dae-878f973012b8", "content": "Hello Kafka! Producer online Here", "timestamp": "2024-04-15T13:43:13.742089"}
2024-04-15 13:43:14,944 - DEBUG - __main__ - Sent message: {"uuid": "0353e3b2-8ac9-4d63-aef7-246fe34de343", "content": "Hello Kafka! Producer online Here", "timestamp": "2024-04-15T13:43:14.844275"}
2024-04-15 13:43:16,047 - DEBUG - __main__ - Sent message: {"uuid": "3ca6ccae-26b1-4143-849b-bb0b9eda7c0f", "content": "Hello Kafka! Producer online Here", "timestamp": "2024-04-15T13:43:15.946604"}
2024-04-15 13:43:17,149 - DEBUG - __main__ - Sent message: {"uuid": "ef549d4f-be31-4cf7-bfb7-b19949e508f4", "content": "Hello Kafka! Producer online Here", "timestamp": "2024-04-15T13:43:17.049006"}
2024-04-15 13:43:18,251 - DEBUG - __main__ - Sent message: {"uuid": "c06537fb-fa03-4bff-b0c1-00546c74cd16", "content": "Hello Kafka! Producer online Here", "timestamp": "2024-04-15T13:43:18.151446"}
2024-04-15 13:43:18,964 - INFO - __main__ - Producer shutdown requested.
2024-04-15 13:43:48,966 - INFO - __main__ - Flushing remaining messages...
2024-04-15 13:44:25,390 - DEBUG - asyncio - Using selector: EpollSelector
2024-04-15 13:44:25,491 - DEBUG - __main__ - Sent message: {"uuid": "b4787e3d-5970-41ba-a3f9-68203c7ff75d", "content": "Hello Kafka! Producer online Here", "timestamp": "2024-04-15T13:44:25.391101"}
2024-04-15 13:44:26,493 - DEBUG - __main__ - Sent message: {"uuid": "9a33a2b8-77d2-4e3c-8e7d-929f9771a9f5", "content": "Hello Kafka! Producer online Here", "timestamp": "2024-04-15T13:44:26.493255"}
2024-04-15 13:44:27,595 - DEBUG - __main__ - Sent message: {"uuid": "f7317929-a027-4af6-b4b1-922907a95a8a", "content": "Hello Kafka! Producer online Here", "timestamp": "2024-04-15T13:44:27.495203"}
2024-04-15 13:44:28,597 - DEBUG - __main__ - Sent message: {"uuid": "c91a3ce7-fe93-4373-b9c3-5c5f45ae4932", "content": "Hello Kafka! Producer online Here", "timestamp": "2024-04-15T13:44:28.597503"}
2024-04-15 13:44:29,699 - DEBUG - __main__ - Sent message: {"uuid": "331cb3ca-9c9c-4e07-8f8e-871bd22b37a2", "content": "Hello Kafka! Producer online Here", "timestamp": "2024-04-15T13:44:29.599382"}
2024-04-15 13:44:30,802 - DEBUG - __main__ - Sent message: {"uuid": "30edf52d-61ba-47d2-a445-1b2c7d96b8dd", "content": "Hello Kafka! Producer online Here", "timestamp": "2024-04-15T13:44:30.701959"}
2024-04-15 13:44:31,905 - DEBUG - __main__ - Sent message: {"uuid": "05a2c881-ad51-4ba0-bbfd-1ce2ba8e5a5a", "content": "Hello Kafka! Producer online Here", "timestamp": "2024-04-15T13:44:31.804626"}
2024-04-15 13:44:33,007 - DEBUG - __main__ - Sent message: {"uuid": "34efb08e-923f-4bd9-8270-7a5e0f76d2eb", "content": "Hello Kafka! Producer online Here", "timestamp": "2024-04-15T13:44:32.906954"}
2024-04-15 13:44:34,109 - DEBUG - __main__ - Sent message: {"uuid": "785014b9-fb96-4239-ac3b-6f7a92d82acf", "content": "Hello Kafka! Producer online Here", "timestamp": "2024-04-15T13:44:34.008985"}
2024-04-15 13:44:35,211 - DEBUG - __main__ - Sent message: {"uuid": "2ac9bf96-1150-4590-af64-0100d9836a7b", "content": "Hello Kafka! Producer online Here", "timestamp": "2024-04-15T13:44:35.111103"}
2024-04-15 13:44:36,313 - DEBUG - __main__ - Sent message: {"uuid": "fef13c64-aa2e-4a7c-82eb-88e4a420176c", "content": "Hello Kafka! Producer online Here", "timestamp": "2024-04-15T13:44:36.213554"}
2024-04-15 13:44:37,416 - DEBUG - __main__ - Sent message: {"uuid": "0179a6d0-2d08-4f1d-8da9-b3ec92c23a53", "content": "Hello Kafka! Producer online Here", "timestamp": "2024-04-15T13:44:37.315920"}
2024-04-15 13:44:38,518 - DEBUG - __main__ - Sent message: {"uuid": "739ba10d-0fd3-42f2-a3fd-2e015beb4c83", "content": "Hello Kafka! Producer online Here", "timestamp": "2024-04-15T13:44:38.418263"}
2024-04-15 13:44:39,620 - DEBUG - __main__ - Sent message: {"uuid": "fba002b3-eb04-4607-944e-0dd539cec3da", "content": "Hello Kafka! Producer online Here", "timestamp": "2024-04-15T13:44:39.520327"}
2024-04-15 13:44:40,722 - DEBUG - __main__ - Sent message: {"uuid": "70c80825-cdf0-4b72-ab39-4f9349c5868f", "content": "Hello Kafka! Producer online Here", "timestamp": "2024-04-15T13:44:40.622464"}
2024-04-15 13:44:41,825 - DEBUG - __main__ - Sent message: {"uuid": "9995b7eb-f180-4ea4-b8c5-55aecfc91eeb", "content": "Hello Kafka! Producer online Here", "timestamp": "2024-04-15T13:44:41.724990"}
2024-04-15 13:44:42,927 - DEBUG - __main__ - Sent message: {"uuid": "62093fc5-b9b8-4625-9f04-018c145c8802", "content": "Hello Kafka! Producer online Here", "timestamp": "2024-04-15T13:44:42.826891"}
2024-04-15 13:44:44,028 - DEBUG - __main__ - Sent message: {"uuid": "cbf98929-bb8b-42b4-a320-5c89443b2016", "content": "Hello Kafka! Producer online Here", "timestamp": "2024-04-15T13:44:43.928431"}
2024-04-15 13:44:45,130 - DEBUG - __main__ - Sent message: {"uuid": "c1b38d05-eead-4489-bfbd-bc0bec571dc3", "content": "Hello Kafka! Producer online Here", "timestamp": "2024-04-15T13:44:45.030482"}
